# JRE version: OpenJDK Runtime Environment (17.0.6) (build 17.0.6+0-b2043.56-10027231)
# Java VM: OpenJDK 64-Bit Server VM (17.0.6+0-b2043.56-10027231, mixed mode, tiered, compressed oops, compressed class ptrs, g1 gc, windows-amd64)
GC Precious Log:
 CPUs: 8 total, 8 available
 Memory: 16127M
 Large Page Support: Disabled
 NUMA Support: Disabled
 Compressed Oops: Enabled (32-bit)
 Heap Region Size: 1M
 Heap Min Capacity: 8M
 Heap Initial Capacity: 252M
 Heap Max Capacity: 2G
 Pre-touch: Disabled
 Parallel Workers: 8
 Concurrent Workers: 2
 Concurrent Refinement Workers: 8
 Periodic GC: Disabled
Heap:
 garbage-first heap   total 454656K, used 340146K [0x0000000080000000, 0x0000000100000000)
  region size 1024K, 159 young (162816K), 2 survivors (2048K)
 Metaspace       used 137080K, committed 138880K, reserved 1171456K
  class space    used 18466K, committed 19328K, reserved 1048576K
GC Heap History (20 events):
Event: 717.726 GC heap before
{Heap before GC invocations=87 (full 0):
 garbage-first heap   total 462848K, used 138176K [0x0000000080000000, 0x0000000100000000)
  region size 1024K, 24 young (24576K), 3 survivors (3072K)
 Metaspace       used 133495K, committed 134848K, reserved 1171456K
  class space    used 18115K, committed 18752K, reserved 1048576K
}
Event: 717.732 GC heap after
{Heap after GC invocations=88 (full 0):
 garbage-first heap   total 462848K, used 123169K [0x0000000080000000, 0x0000000100000000)
  region size 1024K, 8 young (8192K), 8 survivors (8192K)
 Metaspace       used 133495K, committed 134848K, reserved 1171456K
  class space    used 18115K, committed 18752K, reserved 1048576K
}
Event: 1009.350 GC heap before
{Heap before GC invocations=89 (full 0):
 garbage-first heap   total 457728K, used 385313K [0x0000000080000000, 0x0000000100000000)
  region size 1024K, 218 young (223232K), 8 survivors (8192K)
 Metaspace       used 134055K, committed 135360K, reserved 1171456K
  class space    used 18118K, committed 18752K, reserved 1048576K
}
Event: 1009.356 GC heap after
{Heap after GC invocations=90 (full 0):
 garbage-first heap   total 457728K, used 128052K [0x0000000080000000, 0x0000000100000000)
  region size 1024K, 10 young (10240K), 10 survivors (10240K)
 Metaspace       used 134055K, committed 135360K, reserved 1171456K
  class space    used 18118K, committed 18752K, reserved 1048576K
}
Event: 1009.435 GC heap before
{Heap before GC invocations=90 (full 0):
 garbage-first heap   total 457728K, used 139316K [0x0000000080000000, 0x0000000100000000)
  region size 1024K, 22 young (22528K), 10 survivors (10240K)
 Metaspace       used 134064K, committed 135360K, reserved 1171456K
  class space    used 18118K, committed 18752K, reserved 1048576K
}
Event: 1009.442 GC heap after
{Heap after GC invocations=91 (full 0):
 garbage-first heap   total 457728K, used 116487K [0x0000000080000000, 0x0000000100000000)
  region size 1024K, 2 young (2048K), 2 survivors (2048K)
 Metaspace       used 134064K, committed 135360K, reserved 1171456K
  class space    used 18118K, committed 18752K, reserved 1048576K
}
Event: 1009.730 GC heap before
{Heap before GC invocations=91 (full 0):
 garbage-first heap   total 457728K, used 149255K [0x0000000080000000, 0x0000000100000000)
  region size 1024K, 36 young (36864K), 2 survivors (2048K)
 Metaspace       used 134139K, committed 135488K, reserved 1171456K
  class space    used 18118K, committed 18752K, reserved 1048576K
}
Event: 1009.736 GC heap after
{Heap after GC invocations=92 (full 0):
 garbage-first heap   total 457728K, used 122358K [0x0000000080000000, 0x0000000100000000)
  region size 1024K, 8 young (8192K), 8 survivors (8192K)
 Metaspace       used 134139K, committed 135488K, reserved 1171456K
  class space    used 18118K, committed 18752K, reserved 1048576K
}
Event: 1176.642 GC heap before
{Heap before GC invocations=93 (full 0):
 garbage-first heap   total 450560K, used 361014K [0x0000000080000000, 0x0000000100000000)
  region size 1024K, 195 young (199680K), 8 survivors (8192K)
 Metaspace       used 134601K, committed 135936K, reserved 1171456K
  class space    used 18120K, committed 18752K, reserved 1048576K
}
Event: 1176.648 GC heap after
{Heap after GC invocations=94 (full 0):
 garbage-first heap   total 450560K, used 125366K [0x0000000080000000, 0x0000000100000000)
  region size 1024K, 8 young (8192K), 8 survivors (8192K)
 Metaspace       used 134601K, committed 135936K, reserved 1171456K
  class space    used 18120K, committed 18752K, reserved 1048576K
}
Event: 1176.697 GC heap before
{Heap before GC invocations=94 (full 0):
 garbage-first heap   total 450560K, used 138678K [0x0000000080000000, 0x0000000100000000)
  region size 1024K, 22 young (22528K), 8 survivors (8192K)
 Metaspace       used 134609K, committed 135936K, reserved 1171456K
  class space    used 18120K, committed 18752K, reserved 1048576K
}
Event: 1176.703 GC heap after
{Heap after GC invocations=95 (full 0):
 garbage-first heap   total 450560K, used 114273K [0x0000000080000000, 0x0000000100000000)
  region size 1024K, 2 young (2048K), 2 survivors (2048K)
 Metaspace       used 134609K, committed 135936K, reserved 1171456K
  class space    used 18120K, committed 18752K, reserved 1048576K
}
Event: 1177.046 GC heap before
{Heap before GC invocations=95 (full 0):
 garbage-first heap   total 450560K, used 167521K [0x0000000080000000, 0x0000000100000000)
  region size 1024K, 56 young (57344K), 2 survivors (2048K)
 Metaspace       used 134688K, committed 136000K, reserved 1171456K
  class space    used 18120K, committed 18752K, reserved 1048576K
}
Event: 1177.053 GC heap after
{Heap after GC invocations=96 (full 0):
 garbage-first heap   total 613376K, used 121870K [0x0000000080000000, 0x0000000100000000)
  region size 1024K, 9 young (9216K), 9 survivors (9216K)
 Metaspace       used 134688K, committed 136000K, reserved 1171456K
  class space    used 18120K, committed 18752K, reserved 1048576K
}
Event: 1351.055 GC heap before
{Heap before GC invocations=97 (full 0):
 garbage-first heap   total 454656K, used 397436K [0x0000000080000000, 0x0000000100000000)
  region size 1024K, 255 young (261120K), 9 survivors (9216K)
 Metaspace       used 135105K, committed 136448K, reserved 1171456K
  class space    used 18131K, committed 18752K, reserved 1048576K
}
Event: 1351.072 GC heap after
{Heap after GC invocations=98 (full 0):
 garbage-first heap   total 454656K, used 141302K [0x0000000080000000, 0x0000000100000000)
  region size 1024K, 25 young (25600K), 25 survivors (25600K)
 Metaspace       used 135105K, committed 136448K, reserved 1171456K
  class space    used 18131K, committed 18752K, reserved 1048576K
}
Event: 1351.075 GC heap before
{Heap before GC invocations=98 (full 0):
 garbage-first heap   total 454656K, used 142326K [0x0000000080000000, 0x0000000100000000)
  region size 1024K, 26 young (26624K), 25 survivors (25600K)
 Metaspace       used 135105K, committed 136448K, reserved 1171456K
  class space    used 18131K, committed 18752K, reserved 1048576K
}
Event: 1351.096 GC heap after
{Heap after GC invocations=99 (full 0):
 garbage-first heap   total 454656K, used 135933K [0x0000000080000000, 0x0000000100000000)
  region size 1024K, 2 young (2048K), 2 survivors (2048K)
 Metaspace       used 135105K, committed 136448K, reserved 1171456K
  class space    used 18131K, committed 18752K, reserved 1048576K
}
Event: 1351.338 GC heap before
{Heap before GC invocations=99 (full 0):
 garbage-first heap   total 454656K, used 159485K [0x0000000080000000, 0x0000000100000000)
  region size 1024K, 27 young (27648K), 2 survivors (2048K)
 Metaspace       used 135206K, committed 136576K, reserved 1171456K
  class space    used 18135K, committed 18752K, reserved 1048576K
}
Event: 1351.340 GC heap after
{Heap after GC invocations=100 (full 0):
 garbage-first heap   total 454656K, used 136370K [0x0000000080000000, 0x0000000100000000)
  region size 1024K, 2 young (2048K), 2 survivors (2048K)
 Metaspace       used 135206K, committed 136576K, reserved 1171456K
  class space    used 18135K, committed 18752K, reserved 1048576K
}

